<?xml version="1.0" encoding="UTF-8"?>
<testng-results ignored="0" total="1" passed="1" failed="0" skipped="0">
  <reporter-output>
  </reporter-output>
  <suite started-at="2023-10-22T08:14:19 IST" name="Default suite" finished-at="2023-10-22T08:14:41 IST" duration-ms="22159">
    <groups>
    </groups>
    <test started-at="2023-10-22T08:14:19 IST" name="Default test" finished-at="2023-10-22T08:14:41 IST" duration-ms="22159">
      <class name="com.test.LoginTest">
        <test-method is-config="true" signature="setUp()[pri:0, instance:com.test.LoginTest@1ffaf86]" started-at="2023-10-22T08:14:19 IST" name="setUp" finished-at="2023-10-22T08:14:32 IST" duration-ms="13463" status="PASS">
          <reporter-output>
          </reporter-output>
        </test-method> <!-- setUp -->
        <test-method signature="loginTest()[pri:0, instance:com.test.LoginTest@1ffaf86]" started-at="2023-10-22T08:14:32 IST" name="loginTest" finished-at="2023-10-22T08:14:41 IST" duration-ms="8636" status="PASS">
          <reporter-output>
          </reporter-output>
        </test-method> <!-- loginTest -->
        <test-method is-config="true" signature="tearDown()[pri:0, instance:com.test.LoginTest@1ffaf86]" started-at="2023-10-22T08:14:41 IST" name="tearDown" finished-at="2023-10-22T08:14:41 IST" duration-ms="1" status="PASS">
          <reporter-output>
          </reporter-output>
        </test-method> <!-- tearDown -->
      </class> <!-- com.test.LoginTest -->
    </test> <!-- Default test -->
  </suite> <!-- Default suite -->
</testng-results>
